{"uuid":"511169a9-9a43-431e-a76f-563d11124ed0","historyId":"d3b805a992cdb16aea24a6f6e9440c76","fullName":"com.br.inmetrics.frm.testng.TestClassTemplate.executeScenario","labels":[{"name":"package","value":"com.br.inmetrics.frm.testng.TestClassTemplate"},{"name":"testClass","value":"com.br.inmetrics.frm.testng.TestClassTemplate"},{"name":"testMethod","value":"executeScenario"},{"name":"parentSuite","value":"Default"},{"name":"suite","value":"Feature: Settings"},{"name":"subSuite","value":"com.br.inmetrics.frm.testng.TestClassTemplate"},{"name":"host","value":"cursovm"},{"name":"thread","value":"21871@cursovm.main(1)"}],"links":[],"name":"executeScenario","status":"failed","statusDetails":{"known":false,"muted":false,"flaky":false,"message":"Test error","trace":"java.lang.AssertionError: Test error\n\tat org.testng.Assert.fail(Assert.java:85)\n\tat com.br.inmetrics.frm.testng.TestClassTemplate.executeScenario(TestClassTemplate.java:39)\n\tat sun.reflect.NativeMethodAccessorImpl.invoke0(Native Method)\n\tat sun.reflect.NativeMethodAccessorImpl.invoke(NativeMethodAccessorImpl.java:62)\n\tat sun.reflect.DelegatingMethodAccessorImpl.invoke(DelegatingMethodAccessorImpl.java:43)\n\tat java.lang.reflect.Method.invoke(Method.java:498)\n\tat org.testng.internal.MethodInvocationHelper.invokeMethod(MethodInvocationHelper.java:124)\n\tat org.testng.internal.Invoker.invokeMethod(Invoker.java:583)\n\tat org.testng.internal.Invoker.invokeTestMethod(Invoker.java:719)\n\tat org.testng.internal.Invoker.invokeTestMethods(Invoker.java:989)\n\tat org.testng.internal.TestMethodWorker.invokeTestMethods(TestMethodWorker.java:125)\n\tat org.testng.internal.TestMethodWorker.run(TestMethodWorker.java:109)\n\tat org.testng.TestRunner.privateRun(TestRunner.java:648)\n\tat org.testng.TestRunner.run(TestRunner.java:505)\n\tat org.testng.SuiteRunner.runTest(SuiteRunner.java:455)\n\tat org.testng.SuiteRunner.runSequentially(SuiteRunner.java:450)\n\tat org.testng.SuiteRunner.privateRun(SuiteRunner.java:415)\n\tat org.testng.SuiteRunner.run(SuiteRunner.java:364)\n\tat org.testng.SuiteRunnerWorker.runSuite(SuiteRunnerWorker.java:52)\n\tat org.testng.SuiteRunnerWorker.run(SuiteRunnerWorker.java:84)\n\tat org.testng.TestNG.runSuitesSequentially(TestNG.java:1208)\n\tat org.testng.TestNG.runSuitesLocally(TestNG.java:1137)\n\tat org.testng.TestNG.runSuites(TestNG.java:1049)\n\tat org.testng.TestNG.run(TestNG.java:1017)\n\tat org.testng.remote.AbstractRemoteTestNG.run(AbstractRemoteTestNG.java:114)\n\tat org.testng.remote.RemoteTestNG.initAndRun(RemoteTestNG.java:251)\n\tat org.testng.remote.RemoteTestNG.main(RemoteTestNG.java:77)\nCaused by: java.util.concurrent.ExecutionException: java.lang.reflect.InvocationTargetException\n\tat com.br.inmetrics.frm.bdd.Gherkin.executeScenario_(Gherkin.java:266)\n\tat com.br.inmetrics.frm.testng.TestClassTemplate.executeScenario(TestClassTemplate.java:32)\n\t... 25 more\nCaused by: java.lang.reflect.InvocationTargetException\n\tat sun.reflect.NativeMethodAccessorImpl.invoke0(Native Method)\n\tat sun.reflect.NativeMethodAccessorImpl.invoke(NativeMethodAccessorImpl.java:62)\n\tat sun.reflect.DelegatingMethodAccessorImpl.invoke(DelegatingMethodAccessorImpl.java:43)\n\tat java.lang.reflect.Method.invoke(Method.java:498)\n\tat com.br.inmetrics.frm.helpers.GherkinHelper.invokeScenario(GherkinHelper.java:209)\n\tat com.br.inmetrics.frm.bdd.Gherkin.executeScenario_(Gherkin.java:256)\n\t... 26 more\nCaused by: java.util.concurrent.ExecutionException: java.lang.reflect.InvocationTargetException\n\tat com.br.inmetrics.frm.bdd.Gherkin.execute_(Gherkin.java:178)\n\tat org.br.curso.features.AccountFeature.adicionar_recado(AccountFeature.java:41)\n\t... 32 more\nCaused by: java.lang.reflect.InvocationTargetException\n\tat sun.reflect.NativeMethodAccessorImpl.invoke0(Native Method)\n\tat sun.reflect.NativeMethodAccessorImpl.invoke(NativeMethodAccessorImpl.java:62)\n\tat sun.reflect.DelegatingMethodAccessorImpl.invoke(DelegatingMethodAccessorImpl.java:43)\n\tat java.lang.reflect.Method.invoke(Method.java:498)\n\tat com.br.inmetrics.frm.bdd.Gherkin.executeStep_(Gherkin.java:212)\n\tat com.br.inmetrics.frm.bdd.Gherkin.execute_(Gherkin.java:172)\n\t... 33 more\nCaused by: java.lang.AssertionError: expected [true] but found [false]\n\tat org.testng.Assert.fail(Assert.java:96)\n\tat org.testng.Assert.failNotEquals(Assert.java:776)\n\tat org.testng.Assert.assertTrue(Assert.java:44)\n\tat org.testng.Assert.assertTrue(Assert.java:54)\n\tat org.br.curso.steps.ProfileStep.entao_devera_ser_enviado(ProfileStep.java:60)\n\t... 39 more\n"},"stage":"finished","start":1545339691978,"stop":1545339961567,"steps":[{"name":"Dado que estou na pagina de login","status":"passed","stage":"finished","start":1545339820355,"stop":1545339821294,"steps":[{"name":"Verificar se estou na página de Login.","stage":"finished","start":1545339820842,"stop":1545339820843},{"name":"Verificação da Existencia da Página de Login","stage":"finished","start":1545339820843,"stop":1545339820843}]},{"name":"Quando preencher o login com dados válidos","status":"passed","stage":"finished","start":1545339821294,"stop":1545339924592,"steps":[{"name":"Ínicio do preenchimento das informações de login.","stage":"finished","start":1545339821294,"stop":1545339821294},{"name":"Preenchimento de Informações ->  Email: (testedesistema2018@hotmail.com), senha : (estoutestando)","stage":"finished","start":1545339823231,"stop":1545339823231},{"name":"Preenchimento de Informações de Login Concluido.","stage":"finished","start":1545339924590,"stop":1545339924591}]},{"name":"Então deverá ir para a home page","status":"passed","stage":"finished","start":1545339924592,"stop":1545339924891,"steps":[{"name":"Verificar se estou na Página Home.","stage":"finished","start":1545339924592,"stop":1545339924592},{"name":"Verificar se está na página HomePage.","stage":"finished","start":1545339924592,"stop":1545339924592}]},{"name":"Dado que esteja na Página de Usuario","status":"passed","stage":"finished","start":1545339924896,"stop":1545339936006,"steps":[{"name":"Verificar se estou na página Home.","stage":"finished","start":1545339924986,"stop":1545339924986},{"name":"Verificar se está na página HomePage.","stage":"finished","start":1545339924986,"stop":1545339924986}]},{"name":"Quando estiver na sessão meu perfil","status":"passed","stage":"finished","start":1545339936006,"stop":1545339936195,"steps":[{"name":"Verificando se está na página meu perfil.","stage":"finished","start":1545339936006,"stop":1545339936006},{"name":"Verificação da Existencia da Página de Login","stage":"finished","start":1545339936006,"stop":1545339936006}]},{"name":"Quando preencher os campos validos","status":"passed","stage":"finished","start":1545339936195,"stop":1545339937342,"steps":[{"name":"Preenchendo campos.","stage":"finished","start":1545339936196,"stop":1545339936196},{"name":"Preenchimento de Informações ->  Recado: (Eu amo a nataly)","stage":"finished","start":1545339936770,"stop":1545339936770}]},{"name":"Então deverá ser enviado","status":"broken","statusDetails":{"known":false,"muted":false,"flaky":false,"message":"java.lang.reflect.InvocationTargetException","trace":"java.lang.reflect.InvocationTargetException\n\tat sun.reflect.NativeMethodAccessorImpl.invoke0(Native Method)\n\tat sun.reflect.NativeMethodAccessorImpl.invoke(NativeMethodAccessorImpl.java:62)\n\tat sun.reflect.DelegatingMethodAccessorImpl.invoke(DelegatingMethodAccessorImpl.java:43)\n\tat java.lang.reflect.Method.invoke(Method.java:498)\n\tat com.br.inmetrics.frm.bdd.Gherkin.executeStep_(Gherkin.java:212)\n\tat com.br.inmetrics.frm.bdd.Gherkin.execute_(Gherkin.java:172)\n\tat org.br.curso.features.AccountFeature.adicionar_recado(AccountFeature.java:41)\n\tat sun.reflect.NativeMethodAccessorImpl.invoke0(Native Method)\n\tat sun.reflect.NativeMethodAccessorImpl.invoke(NativeMethodAccessorImpl.java:62)\n\tat sun.reflect.DelegatingMethodAccessorImpl.invoke(DelegatingMethodAccessorImpl.java:43)\n\tat java.lang.reflect.Method.invoke(Method.java:498)\n\tat com.br.inmetrics.frm.helpers.GherkinHelper.invokeScenario(GherkinHelper.java:209)\n\tat com.br.inmetrics.frm.bdd.Gherkin.executeScenario_(Gherkin.java:256)\n\tat com.br.inmetrics.frm.testng.TestClassTemplate.executeScenario(TestClassTemplate.java:32)\n\tat sun.reflect.NativeMethodAccessorImpl.invoke0(Native Method)\n\tat sun.reflect.NativeMethodAccessorImpl.invoke(NativeMethodAccessorImpl.java:62)\n\tat sun.reflect.DelegatingMethodAccessorImpl.invoke(DelegatingMethodAccessorImpl.java:43)\n\tat java.lang.reflect.Method.invoke(Method.java:498)\n\tat org.testng.internal.MethodInvocationHelper.invokeMethod(MethodInvocationHelper.java:124)\n\tat org.testng.internal.Invoker.invokeMethod(Invoker.java:583)\n\tat org.testng.internal.Invoker.invokeTestMethod(Invoker.java:719)\n\tat org.testng.internal.Invoker.invokeTestMethods(Invoker.java:989)\n\tat org.testng.internal.TestMethodWorker.invokeTestMethods(TestMethodWorker.java:125)\n\tat org.testng.internal.TestMethodWorker.run(TestMethodWorker.java:109)\n\tat org.testng.TestRunner.privateRun(TestRunner.java:648)\n\tat org.testng.TestRunner.run(TestRunner.java:505)\n\tat org.testng.SuiteRunner.runTest(SuiteRunner.java:455)\n\tat org.testng.SuiteRunner.runSequentially(SuiteRunner.java:450)\n\tat org.testng.SuiteRunner.privateRun(SuiteRunner.java:415)\n\tat org.testng.SuiteRunner.run(SuiteRunner.java:364)\n\tat org.testng.SuiteRunnerWorker.runSuite(SuiteRunnerWorker.java:52)\n\tat org.testng.SuiteRunnerWorker.run(SuiteRunnerWorker.java:84)\n\tat org.testng.TestNG.runSuitesSequentially(TestNG.java:1208)\n\tat org.testng.TestNG.runSuitesLocally(TestNG.java:1137)\n\tat org.testng.TestNG.runSuites(TestNG.java:1049)\n\tat org.testng.TestNG.run(TestNG.java:1017)\n\tat org.testng.remote.AbstractRemoteTestNG.run(AbstractRemoteTestNG.java:114)\n\tat org.testng.remote.RemoteTestNG.initAndRun(RemoteTestNG.java:251)\n\tat org.testng.remote.RemoteTestNG.main(RemoteTestNG.java:77)\nCaused by: java.lang.AssertionError: expected [true] but found [false]\n\tat org.testng.Assert.fail(Assert.java:96)\n\tat org.testng.Assert.failNotEquals(Assert.java:776)\n\tat org.testng.Assert.assertTrue(Assert.java:44)\n\tat org.testng.Assert.assertTrue(Assert.java:54)\n\tat org.br.curso.steps.ProfileStep.entao_devera_ser_enviado(ProfileStep.java:60)\n\t... 39 more\n"},"stage":"finished","start":1545339937342,"stop":1545339957557,"steps":[{"name":"Verificar se estou na Página Home.","stage":"finished","start":1545339937342,"stop":1545339937342},{"name":"Verificação de envio bem sucedido.","stage":"finished","start":1545339937342,"stop":1545339937342}]},{"name":"Exception on scenario execution","status":"failed","stage":"finished","start":1545339957565,"stop":1545339957566}],"parameters":[{"name":"ControllerType","value":"com.br.inmetrics.frm.controllers.WebController"},{"name":"Tags","value":"@Recado"},{"name":"CustomOptions","value":""},{"name":"arg0","value":"Settings"},{"name":"arg1","value":"Deixar Recado"},{"name":"arg2","value":""}]}