{"uuid":"87d61d1b-1e8a-4fdc-9eb3-16ce2976f3c7","historyId":"7880f0d4f43d677ebf77afe420ee75f","fullName":"com.br.inmetrics.frm.testng.TestClassTemplate.executeScenario","labels":[{"name":"package","value":"com.br.inmetrics.frm.testng.TestClassTemplate"},{"name":"testClass","value":"com.br.inmetrics.frm.testng.TestClassTemplate"},{"name":"testMethod","value":"executeScenario"},{"name":"parentSuite","value":"Default"},{"name":"suite","value":"Feature: Profile"},{"name":"subSuite","value":"com.br.inmetrics.frm.testng.TestClassTemplate"},{"name":"host","value":"cursovm"},{"name":"thread","value":"3844@cursovm.main(1)"}],"links":[],"name":"executeScenario","status":"failed","statusDetails":{"known":false,"muted":false,"flaky":false,"message":"Error on test setup.","trace":"java.lang.AssertionError: Error on test setup.\n\tat org.testng.Assert.fail(Assert.java:85)\n\tat com.br.inmetrics.frm.testng.CustomListener.beforeInvocation(CustomListener.java:25)\n\tat org.testng.internal.invokers.InvokedMethodListenerInvoker$InvokeBeforeInvocationWithoutContextStrategy.callMethod(InvokedMethodListenerInvoker.java:84)\n\tat org.testng.internal.invokers.InvokedMethodListenerInvoker.invokeListener(InvokedMethodListenerInvoker.java:62)\n\tat org.testng.internal.Invoker.runInvokedMethodListeners(Invoker.java:493)\n\tat org.testng.internal.Invoker.invokeMethod(Invoker.java:563)\n\tat org.testng.internal.Invoker.invokeTestMethod(Invoker.java:719)\n\tat org.testng.internal.Invoker.invokeTestMethods(Invoker.java:989)\n\tat org.testng.internal.TestMethodWorker.invokeTestMethods(TestMethodWorker.java:125)\n\tat org.testng.internal.TestMethodWorker.run(TestMethodWorker.java:109)\n\tat org.testng.TestRunner.privateRun(TestRunner.java:648)\n\tat org.testng.TestRunner.run(TestRunner.java:505)\n\tat org.testng.SuiteRunner.runTest(SuiteRunner.java:455)\n\tat org.testng.SuiteRunner.runSequentially(SuiteRunner.java:450)\n\tat org.testng.SuiteRunner.privateRun(SuiteRunner.java:415)\n\tat org.testng.SuiteRunner.run(SuiteRunner.java:364)\n\tat org.testng.SuiteRunnerWorker.runSuite(SuiteRunnerWorker.java:52)\n\tat org.testng.SuiteRunnerWorker.run(SuiteRunnerWorker.java:84)\n\tat org.testng.TestNG.runSuitesSequentially(TestNG.java:1208)\n\tat org.testng.TestNG.runSuitesLocally(TestNG.java:1137)\n\tat org.testng.TestNG.runSuites(TestNG.java:1049)\n\tat org.testng.TestNG.run(TestNG.java:1017)\n\tat org.testng.remote.AbstractRemoteTestNG.run(AbstractRemoteTestNG.java:114)\n\tat org.testng.remote.RemoteTestNG.initAndRun(RemoteTestNG.java:251)\n\tat org.testng.remote.RemoteTestNG.main(RemoteTestNG.java:77)\nCaused by: com.br.inmetrics.frm.exceptions.GenericException: An generic exception occured.\n\tat com.br.inmetrics.frm.controllers.WebController.setup(WebController.java:70)\n\tat com.br.inmetrics.frm.base.DefaultBaseController.setup_(DefaultBaseController.java:173)\n\tat com.br.inmetrics.frm.testng.CustomListenerHelper.doBeforeInvocation(CustomListenerHelper.java:331)\n\tat com.br.inmetrics.frm.testng.CustomListener.beforeInvocation(CustomListener.java:22)\n\t... 23 more\nCaused by: org.openqa.selenium.WebDriverException: Reached error page: about:neterror?e=dnsNotFound&u=https%3A//filmow.com/login/&c=UTF-8&f=regular&d=N%C3%A3o%20conseguimos%20conectar%20com%20o%20servidor%20em%20filmow.com.\nBuild info: version: '3.12.0', revision: '7c6e0b3', time: '2018-05-08T14:04:26.12Z'\nSystem info: host: 'cursovm', ip: '127.0.1.1', os.name: 'Linux', os.arch: 'amd64', os.version: '4.15.0-42-generic', java.version: '1.8.0_191'\nDriver info: org.openqa.selenium.firefox.FirefoxDriver\nCapabilities {acceptInsecureCerts: false, browserName: firefox, browserVersion: 64.0, javascriptEnabled: true, moz:accessibilityChecks: false, moz:geckodriverVersion: 0.23.0, moz:headless: false, moz:processID: 3888, moz:profile: /tmp/rust_mozprofile.8dNcau..., moz:shutdownTimeout: 60000, moz:useNonSpecCompliantPointerOrigin: false, moz:webdriverClick: true, pageLoadStrategy: normal, platform: LINUX, platformName: LINUX, platformVersion: 4.15.0-42-generic, rotatable: false, setWindowRect: true, timeouts: {implicit: 0, pageLoad: 300000, script: 30000}, unhandledPromptBehavior: dismiss and notify}\nSession ID: 6683213b-8d79-42ac-bb59-ac0d3e679291\n\tat sun.reflect.NativeConstructorAccessorImpl.newInstance0(Native Method)\n\tat sun.reflect.NativeConstructorAccessorImpl.newInstance(NativeConstructorAccessorImpl.java:62)\n\tat sun.reflect.DelegatingConstructorAccessorImpl.newInstance(DelegatingConstructorAccessorImpl.java:45)\n\tat java.lang.reflect.Constructor.newInstance(Constructor.java:423)\n\tat org.openqa.selenium.remote.http.W3CHttpResponseCodec.createException(W3CHttpResponseCodec.java:187)\n\tat org.openqa.selenium.remote.http.W3CHttpResponseCodec.decode(W3CHttpResponseCodec.java:122)\n\tat org.openqa.selenium.remote.http.W3CHttpResponseCodec.decode(W3CHttpResponseCodec.java:49)\n\tat org.openqa.selenium.remote.HttpCommandExecutor.execute(HttpCommandExecutor.java:158)\n\tat org.openqa.selenium.remote.service.DriverCommandExecutor.execute(DriverCommandExecutor.java:83)\n\tat org.openqa.selenium.remote.RemoteWebDriver.execute(RemoteWebDriver.java:543)\n\tat org.openqa.selenium.remote.RemoteWebDriver.get(RemoteWebDriver.java:271)\n\tat com.br.inmetrics.frm.controllers.WebController.setup(WebController.java:63)\n\t... 26 more\n"},"stage":"finished","start":1545338414148,"stop":1545338420449,"steps":[{"name":"18:40:19 - Error on controller setup.","status":"failed","stage":"finished","start":1545338419244,"stop":1545338419251}],"parameters":[{"name":"ControllerType","value":"com.br.inmetrics.frm.controllers.WebController"},{"name":"Tags","value":"@Recado"},{"name":"CustomOptions","value":""},{"name":"arg0","value":"Profile"},{"name":"arg1","value":"Deixar Recado"},{"name":"arg2","value":""}]}