{"uuid":"8b2df8d4-521e-4be5-8011-9032ea2504fe","historyId":"d60134116f0f36760df21d88d11e0c4e","fullName":"com.br.inmetrics.frm.testng.TestClassTemplate.executeScenario","labels":[{"name":"package","value":"com.br.inmetrics.frm.testng.TestClassTemplate"},{"name":"testClass","value":"com.br.inmetrics.frm.testng.TestClassTemplate"},{"name":"testMethod","value":"executeScenario"},{"name":"parentSuite","value":"Default"},{"name":"suite","value":"Feature: Settings"},{"name":"subSuite","value":"com.br.inmetrics.frm.testng.TestClassTemplate"},{"name":"host","value":"cursovm"},{"name":"thread","value":"8370@cursovm.main(1)"}],"links":[],"name":"executeScenario","status":"failed","statusDetails":{"known":false,"muted":false,"flaky":false,"message":"Test error","trace":"java.lang.AssertionError: Test error\n\tat org.testng.Assert.fail(Assert.java:85)\n\tat com.br.inmetrics.frm.testng.TestClassTemplate.executeScenario(TestClassTemplate.java:39)\n\tat sun.reflect.NativeMethodAccessorImpl.invoke0(Native Method)\n\tat sun.reflect.NativeMethodAccessorImpl.invoke(NativeMethodAccessorImpl.java:62)\n\tat sun.reflect.DelegatingMethodAccessorImpl.invoke(DelegatingMethodAccessorImpl.java:43)\n\tat java.lang.reflect.Method.invoke(Method.java:498)\n\tat org.testng.internal.MethodInvocationHelper.invokeMethod(MethodInvocationHelper.java:124)\n\tat org.testng.internal.Invoker.invokeMethod(Invoker.java:583)\n\tat org.testng.internal.Invoker.invokeTestMethod(Invoker.java:719)\n\tat org.testng.internal.Invoker.invokeTestMethods(Invoker.java:989)\n\tat org.testng.internal.TestMethodWorker.invokeTestMethods(TestMethodWorker.java:125)\n\tat org.testng.internal.TestMethodWorker.run(TestMethodWorker.java:109)\n\tat org.testng.TestRunner.privateRun(TestRunner.java:648)\n\tat org.testng.TestRunner.run(TestRunner.java:505)\n\tat org.testng.SuiteRunner.runTest(SuiteRunner.java:455)\n\tat org.testng.SuiteRunner.runSequentially(SuiteRunner.java:450)\n\tat org.testng.SuiteRunner.privateRun(SuiteRunner.java:415)\n\tat org.testng.SuiteRunner.run(SuiteRunner.java:364)\n\tat org.testng.SuiteRunnerWorker.runSuite(SuiteRunnerWorker.java:52)\n\tat org.testng.SuiteRunnerWorker.run(SuiteRunnerWorker.java:84)\n\tat org.testng.TestNG.runSuitesSequentially(TestNG.java:1208)\n\tat org.testng.TestNG.runSuitesLocally(TestNG.java:1137)\n\tat org.testng.TestNG.runSuites(TestNG.java:1049)\n\tat org.testng.TestNG.run(TestNG.java:1017)\n\tat org.testng.remote.AbstractRemoteTestNG.run(AbstractRemoteTestNG.java:114)\n\tat org.testng.remote.RemoteTestNG.initAndRun(RemoteTestNG.java:251)\n\tat org.testng.remote.RemoteTestNG.main(RemoteTestNG.java:77)\nCaused by: java.util.concurrent.ExecutionException: java.lang.reflect.InvocationTargetException\n\tat com.br.inmetrics.frm.bdd.Gherkin.executeScenario_(Gherkin.java:266)\n\tat com.br.inmetrics.frm.testng.TestClassTemplate.executeScenario(TestClassTemplate.java:32)\n\t... 25 more\nCaused by: java.lang.reflect.InvocationTargetException\n\tat sun.reflect.NativeMethodAccessorImpl.invoke0(Native Method)\n\tat sun.reflect.NativeMethodAccessorImpl.invoke(NativeMethodAccessorImpl.java:62)\n\tat sun.reflect.DelegatingMethodAccessorImpl.invoke(DelegatingMethodAccessorImpl.java:43)\n\tat java.lang.reflect.Method.invoke(Method.java:498)\n\tat com.br.inmetrics.frm.helpers.GherkinHelper.invokeScenario(GherkinHelper.java:209)\n\tat com.br.inmetrics.frm.bdd.Gherkin.executeScenario_(Gherkin.java:256)\n\t... 26 more\nCaused by: java.util.concurrent.ExecutionException: java.lang.reflect.InvocationTargetException\n\tat com.br.inmetrics.frm.bdd.Gherkin.execute_(Gherkin.java:178)\n\tat org.br.curso.features.AccountFeature.deixar_visto(AccountFeature.java:54)\n\t... 32 more\nCaused by: java.lang.reflect.InvocationTargetException\n\tat sun.reflect.NativeMethodAccessorImpl.invoke0(Native Method)\n\tat sun.reflect.NativeMethodAccessorImpl.invoke(NativeMethodAccessorImpl.java:62)\n\tat sun.reflect.DelegatingMethodAccessorImpl.invoke(DelegatingMethodAccessorImpl.java:43)\n\tat java.lang.reflect.Method.invoke(Method.java:498)\n\tat com.br.inmetrics.frm.bdd.Gherkin.executeStep_(Gherkin.java:212)\n\tat com.br.inmetrics.frm.bdd.Gherkin.execute_(Gherkin.java:172)\n\t... 33 more\nCaused by: java.lang.AssertionError: expected [true] but found [false]\n\tat org.testng.Assert.fail(Assert.java:96)\n\tat org.testng.Assert.failNotEquals(Assert.java:776)\n\tat org.testng.Assert.assertTrue(Assert.java:44)\n\tat org.testng.Assert.assertTrue(Assert.java:54)\n\tat org.br.curso.steps.VistoStep.entao_devera_ser_salvo(VistoStep.java:57)\n\t... 39 more\n"},"stage":"finished","start":1545343195811,"stop":1545343297183,"steps":[{"name":"Dado que estou na pagina de login","status":"passed","stage":"finished","start":1545343224661,"stop":1545343224895,"steps":[{"name":"Verificar se estou na página de Login.","stage":"finished","start":1545343224714,"stop":1545343224728},{"name":"Verificação da Existencia da Página de Login","stage":"finished","start":1545343224728,"stop":1545343224728}]},{"name":"Quando preencher o login com dados válidos","status":"passed","stage":"finished","start":1545343224895,"stop":1545343254135,"steps":[{"name":"Ínicio do preenchimento das informações de login.","stage":"finished","start":1545343224895,"stop":1545343224895},{"name":"Preenchimento de Informações ->  Email: (testedesistema2018@hotmail.com), senha : (estoutestando)","stage":"finished","start":1545343226097,"stop":1545343226097},{"name":"Preenchimento de Informações de Login Concluido.","stage":"finished","start":1545343254135,"stop":1545343254135}]},{"name":"Então deverá ir para a home page","status":"passed","stage":"finished","start":1545343254135,"stop":1545343254286,"steps":[{"name":"Verificar se estou na Página Home.","stage":"finished","start":1545343254135,"stop":1545343254135},{"name":"Verificar se está na página HomePage.","stage":"finished","start":1545343254135,"stop":1545343254135}]},{"name":"Dado que esteja na Página de Usuario1","status":"passed","stage":"finished","start":1545343254287,"stop":1545343273785,"steps":[{"name":"Verificar se estou na página Home.","stage":"finished","start":1545343254292,"stop":1545343254292},{"name":"Verificar se está na página HomePage.","stage":"finished","start":1545343254292,"stop":1545343254292}]},{"name":"Quando estiver no filme selecionado","status":"passed","stage":"finished","start":1545343273785,"stop":1545343274334,"steps":[{"name":"Verificar se está na página do Filme.","stage":"finished","start":1545343273785,"stop":1545343273785},{"name":"Está na página do filme","stage":"finished","start":1545343274334,"stop":1545343274334}]},{"name":"Quando marcar filme já visto","status":"passed","stage":"finished","start":1545343274334,"stop":1545343275053,"steps":[{"name":"Marcando como visto.","stage":"finished","start":1545343274334,"stop":1545343274334}]},{"name":"Então deverá ser salvo1","status":"broken","statusDetails":{"known":false,"muted":false,"flaky":false,"message":"java.lang.reflect.InvocationTargetException","trace":"java.lang.reflect.InvocationTargetException\n\tat sun.reflect.NativeMethodAccessorImpl.invoke0(Native Method)\n\tat sun.reflect.NativeMethodAccessorImpl.invoke(NativeMethodAccessorImpl.java:62)\n\tat sun.reflect.DelegatingMethodAccessorImpl.invoke(DelegatingMethodAccessorImpl.java:43)\n\tat java.lang.reflect.Method.invoke(Method.java:498)\n\tat com.br.inmetrics.frm.bdd.Gherkin.executeStep_(Gherkin.java:212)\n\tat com.br.inmetrics.frm.bdd.Gherkin.execute_(Gherkin.java:172)\n\tat org.br.curso.features.AccountFeature.deixar_visto(AccountFeature.java:54)\n\tat sun.reflect.NativeMethodAccessorImpl.invoke0(Native Method)\n\tat sun.reflect.NativeMethodAccessorImpl.invoke(NativeMethodAccessorImpl.java:62)\n\tat sun.reflect.DelegatingMethodAccessorImpl.invoke(DelegatingMethodAccessorImpl.java:43)\n\tat java.lang.reflect.Method.invoke(Method.java:498)\n\tat com.br.inmetrics.frm.helpers.GherkinHelper.invokeScenario(GherkinHelper.java:209)\n\tat com.br.inmetrics.frm.bdd.Gherkin.executeScenario_(Gherkin.java:256)\n\tat com.br.inmetrics.frm.testng.TestClassTemplate.executeScenario(TestClassTemplate.java:32)\n\tat sun.reflect.NativeMethodAccessorImpl.invoke0(Native Method)\n\tat sun.reflect.NativeMethodAccessorImpl.invoke(NativeMethodAccessorImpl.java:62)\n\tat sun.reflect.DelegatingMethodAccessorImpl.invoke(DelegatingMethodAccessorImpl.java:43)\n\tat java.lang.reflect.Method.invoke(Method.java:498)\n\tat org.testng.internal.MethodInvocationHelper.invokeMethod(MethodInvocationHelper.java:124)\n\tat org.testng.internal.Invoker.invokeMethod(Invoker.java:583)\n\tat org.testng.internal.Invoker.invokeTestMethod(Invoker.java:719)\n\tat org.testng.internal.Invoker.invokeTestMethods(Invoker.java:989)\n\tat org.testng.internal.TestMethodWorker.invokeTestMethods(TestMethodWorker.java:125)\n\tat org.testng.internal.TestMethodWorker.run(TestMethodWorker.java:109)\n\tat org.testng.TestRunner.privateRun(TestRunner.java:648)\n\tat org.testng.TestRunner.run(TestRunner.java:505)\n\tat org.testng.SuiteRunner.runTest(SuiteRunner.java:455)\n\tat org.testng.SuiteRunner.runSequentially(SuiteRunner.java:450)\n\tat org.testng.SuiteRunner.privateRun(SuiteRunner.java:415)\n\tat org.testng.SuiteRunner.run(SuiteRunner.java:364)\n\tat org.testng.SuiteRunnerWorker.runSuite(SuiteRunnerWorker.java:52)\n\tat org.testng.SuiteRunnerWorker.run(SuiteRunnerWorker.java:84)\n\tat org.testng.TestNG.runSuitesSequentially(TestNG.java:1208)\n\tat org.testng.TestNG.runSuitesLocally(TestNG.java:1137)\n\tat org.testng.TestNG.runSuites(TestNG.java:1049)\n\tat org.testng.TestNG.run(TestNG.java:1017)\n\tat org.testng.remote.AbstractRemoteTestNG.run(AbstractRemoteTestNG.java:114)\n\tat org.testng.remote.RemoteTestNG.initAndRun(RemoteTestNG.java:251)\n\tat org.testng.remote.RemoteTestNG.main(RemoteTestNG.java:77)\nCaused by: java.lang.AssertionError: expected [true] but found [false]\n\tat org.testng.Assert.fail(Assert.java:96)\n\tat org.testng.Assert.failNotEquals(Assert.java:776)\n\tat org.testng.Assert.assertTrue(Assert.java:44)\n\tat org.testng.Assert.assertTrue(Assert.java:54)\n\tat org.br.curso.steps.VistoStep.entao_devera_ser_salvo(VistoStep.java:57)\n\t... 39 more\n"},"stage":"finished","start":1545343275053,"stop":1545343295154,"steps":[{"name":"Verificando Salvamento.","stage":"finished","start":1545343275054,"stop":1545343275054}]},{"name":"Exception on scenario execution","status":"failed","stage":"finished","start":1545343295154,"stop":1545343295154}],"parameters":[{"name":"ControllerType","value":"com.br.inmetrics.frm.controllers.WebController"},{"name":"Tags","value":"@Visto"},{"name":"CustomOptions","value":""},{"name":"arg0","value":"Settings"},{"name":"arg1","value":"Deixar Visto"},{"name":"arg2","value":""}]}