{"uuid":"a99a3ef3-b175-4c08-be30-0927400bbd02","historyId":"67dae063fba588d61160314e7b0214c3","fullName":"com.br.inmetrics.frm.testng.TestClassTemplate.executeScenario","labels":[{"name":"package","value":"com.br.inmetrics.frm.testng.TestClassTemplate"},{"name":"testClass","value":"com.br.inmetrics.frm.testng.TestClassTemplate"},{"name":"testMethod","value":"executeScenario"},{"name":"parentSuite","value":"Default"},{"name":"suite","value":"Feature: Settings"},{"name":"subSuite","value":"com.br.inmetrics.frm.testng.TestClassTemplate"},{"name":"host","value":"cursovm"},{"name":"thread","value":"30793@cursovm.main(1)"}],"links":[],"name":"executeScenario","status":"failed","statusDetails":{"known":false,"muted":false,"flaky":false,"message":"Test error","trace":"java.lang.AssertionError: Test error\n\tat org.testng.Assert.fail(Assert.java:85)\n\tat com.br.inmetrics.frm.testng.TestClassTemplate.executeScenario(TestClassTemplate.java:39)\n\tat sun.reflect.NativeMethodAccessorImpl.invoke0(Native Method)\n\tat sun.reflect.NativeMethodAccessorImpl.invoke(NativeMethodAccessorImpl.java:62)\n\tat sun.reflect.DelegatingMethodAccessorImpl.invoke(DelegatingMethodAccessorImpl.java:43)\n\tat java.lang.reflect.Method.invoke(Method.java:498)\n\tat org.testng.internal.MethodInvocationHelper.invokeMethod(MethodInvocationHelper.java:124)\n\tat org.testng.internal.Invoker.invokeMethod(Invoker.java:583)\n\tat org.testng.internal.Invoker.invokeTestMethod(Invoker.java:719)\n\tat org.testng.internal.Invoker.invokeTestMethods(Invoker.java:989)\n\tat org.testng.internal.TestMethodWorker.invokeTestMethods(TestMethodWorker.java:125)\n\tat org.testng.internal.TestMethodWorker.run(TestMethodWorker.java:109)\n\tat org.testng.TestRunner.privateRun(TestRunner.java:648)\n\tat org.testng.TestRunner.run(TestRunner.java:505)\n\tat org.testng.SuiteRunner.runTest(SuiteRunner.java:455)\n\tat org.testng.SuiteRunner.runSequentially(SuiteRunner.java:450)\n\tat org.testng.SuiteRunner.privateRun(SuiteRunner.java:415)\n\tat org.testng.SuiteRunner.run(SuiteRunner.java:364)\n\tat org.testng.SuiteRunnerWorker.runSuite(SuiteRunnerWorker.java:52)\n\tat org.testng.SuiteRunnerWorker.run(SuiteRunnerWorker.java:84)\n\tat org.testng.TestNG.runSuitesSequentially(TestNG.java:1208)\n\tat org.testng.TestNG.runSuitesLocally(TestNG.java:1137)\n\tat org.testng.TestNG.runSuites(TestNG.java:1049)\n\tat org.testng.TestNG.run(TestNG.java:1017)\n\tat org.testng.remote.AbstractRemoteTestNG.run(AbstractRemoteTestNG.java:114)\n\tat org.testng.remote.RemoteTestNG.initAndRun(RemoteTestNG.java:251)\n\tat org.testng.remote.RemoteTestNG.main(RemoteTestNG.java:77)\nCaused by: java.util.concurrent.ExecutionException: java.lang.reflect.InvocationTargetException\n\tat com.br.inmetrics.frm.bdd.Gherkin.executeScenario_(Gherkin.java:266)\n\tat com.br.inmetrics.frm.testng.TestClassTemplate.executeScenario(TestClassTemplate.java:32)\n\t... 25 more\nCaused by: java.lang.reflect.InvocationTargetException\n\tat sun.reflect.NativeMethodAccessorImpl.invoke0(Native Method)\n\tat sun.reflect.NativeMethodAccessorImpl.invoke(NativeMethodAccessorImpl.java:62)\n\tat sun.reflect.DelegatingMethodAccessorImpl.invoke(DelegatingMethodAccessorImpl.java:43)\n\tat java.lang.reflect.Method.invoke(Method.java:498)\n\tat com.br.inmetrics.frm.helpers.GherkinHelper.invokeScenario(GherkinHelper.java:209)\n\tat com.br.inmetrics.frm.bdd.Gherkin.executeScenario_(Gherkin.java:256)\n\t... 26 more\nCaused by: java.util.concurrent.ExecutionException: java.lang.reflect.InvocationTargetException\n\tat com.br.inmetrics.frm.bdd.Gherkin.execute_(Gherkin.java:178)\n\tat org.br.curso.features.AccountFeature.editar_conta(AccountFeature.java:28)\n\t... 32 more\nCaused by: java.lang.reflect.InvocationTargetException\n\tat sun.reflect.NativeMethodAccessorImpl.invoke0(Native Method)\n\tat sun.reflect.NativeMethodAccessorImpl.invoke(NativeMethodAccessorImpl.java:62)\n\tat sun.reflect.DelegatingMethodAccessorImpl.invoke(DelegatingMethodAccessorImpl.java:43)\n\tat java.lang.reflect.Method.invoke(Method.java:498)\n\tat com.br.inmetrics.frm.bdd.Gherkin.executeStep_(Gherkin.java:212)\n\tat com.br.inmetrics.frm.bdd.Gherkin.execute_(Gherkin.java:172)\n\t... 33 more\nCaused by: java.lang.AssertionError: expected [true] but found [false]\n\tat org.testng.Assert.fail(Assert.java:96)\n\tat org.testng.Assert.failNotEquals(Assert.java:776)\n\tat org.testng.Assert.assertTrue(Assert.java:44)\n\tat org.testng.Assert.assertTrue(Assert.java:54)\n\tat org.br.curso.steps.AccountStep.quando_estiver_na_sessao_de_edicao(AccountStep.java:38)\n\t... 39 more\n"},"stage":"finished","start":1545332025995,"stop":1545332180231,"steps":[{"name":"Dado que estou na pagina de login","status":"passed","stage":"finished","start":1545332053176,"stop":1545332053929,"steps":[{"name":"Verificar se estou na página de Login.","stage":"finished","start":1545332053177,"stop":1545332053177},{"name":"Verificação da Existencia da Página de Login","stage":"finished","start":1545332053177,"stop":1545332053835,"attachments":[{"source":"499a314e-5dea-4576-8ddd-87ec944c744a-attachment.png","type":"image/png"}]}]},{"name":"Quando preencher o login com dados válidos","status":"passed","stage":"finished","start":1545332053929,"stop":1545332156919,"steps":[{"name":"Ínicio do preenchimento das informações de login.","stage":"finished","start":1545332053929,"stop":1545332053929},{"name":"Preenchimento de Informações ->  Email: (testedesistema2018@hotmail.com), senha : (estoutestando)","stage":"finished","start":1545332054609,"stop":1545332054919,"attachments":[{"source":"504f6cb0-3a69-464e-b264-2e6d8f091499-attachment.png","type":"image/png"}]},{"name":"Preenchimento de Informações de Login Concluido.","stage":"finished","start":1545332156919,"stop":1545332156919}]},{"name":"Então deverá ir para a home page","status":"passed","stage":"finished","start":1545332156919,"stop":1545332157437,"steps":[{"name":"Verificar se estou na Página Home.","stage":"finished","start":1545332156919,"stop":1545332156919},{"name":"Verificar se está na página HomePage.","stage":"finished","start":1545332156919,"stop":1545332157387,"attachments":[{"source":"138fcd73-730e-4e94-9d22-9c80e4937426-attachment.png","type":"image/png"}]}]},{"name":"Dado que esteja na Home Page","status":"passed","stage":"finished","start":1545332157437,"stop":1545332157875,"steps":[{"name":"Verificar se estou na página Home.","stage":"finished","start":1545332157457,"stop":1545332157457},{"name":"Verificar se está na página HomePage.","stage":"finished","start":1545332157457,"stop":1545332157858,"attachments":[{"source":"70b8adb0-b00c-4fb5-a62a-4808254a09a8-attachment.png","type":"image/png"}]}]},{"name":"Quando estiver na sessão de edição","status":"broken","statusDetails":{"known":false,"muted":false,"flaky":false,"message":"java.lang.reflect.InvocationTargetException","trace":"java.lang.reflect.InvocationTargetException\n\tat sun.reflect.NativeMethodAccessorImpl.invoke0(Native Method)\n\tat sun.reflect.NativeMethodAccessorImpl.invoke(NativeMethodAccessorImpl.java:62)\n\tat sun.reflect.DelegatingMethodAccessorImpl.invoke(DelegatingMethodAccessorImpl.java:43)\n\tat java.lang.reflect.Method.invoke(Method.java:498)\n\tat com.br.inmetrics.frm.bdd.Gherkin.executeStep_(Gherkin.java:212)\n\tat com.br.inmetrics.frm.bdd.Gherkin.execute_(Gherkin.java:172)\n\tat org.br.curso.features.AccountFeature.editar_conta(AccountFeature.java:28)\n\tat sun.reflect.NativeMethodAccessorImpl.invoke0(Native Method)\n\tat sun.reflect.NativeMethodAccessorImpl.invoke(NativeMethodAccessorImpl.java:62)\n\tat sun.reflect.DelegatingMethodAccessorImpl.invoke(DelegatingMethodAccessorImpl.java:43)\n\tat java.lang.reflect.Method.invoke(Method.java:498)\n\tat com.br.inmetrics.frm.helpers.GherkinHelper.invokeScenario(GherkinHelper.java:209)\n\tat com.br.inmetrics.frm.bdd.Gherkin.executeScenario_(Gherkin.java:256)\n\tat com.br.inmetrics.frm.testng.TestClassTemplate.executeScenario(TestClassTemplate.java:32)\n\tat sun.reflect.NativeMethodAccessorImpl.invoke0(Native Method)\n\tat sun.reflect.NativeMethodAccessorImpl.invoke(NativeMethodAccessorImpl.java:62)\n\tat sun.reflect.DelegatingMethodAccessorImpl.invoke(DelegatingMethodAccessorImpl.java:43)\n\tat java.lang.reflect.Method.invoke(Method.java:498)\n\tat org.testng.internal.MethodInvocationHelper.invokeMethod(MethodInvocationHelper.java:124)\n\tat org.testng.internal.Invoker.invokeMethod(Invoker.java:583)\n\tat org.testng.internal.Invoker.invokeTestMethod(Invoker.java:719)\n\tat org.testng.internal.Invoker.invokeTestMethods(Invoker.java:989)\n\tat org.testng.internal.TestMethodWorker.invokeTestMethods(TestMethodWorker.java:125)\n\tat org.testng.internal.TestMethodWorker.run(TestMethodWorker.java:109)\n\tat org.testng.TestRunner.privateRun(TestRunner.java:648)\n\tat org.testng.TestRunner.run(TestRunner.java:505)\n\tat org.testng.SuiteRunner.runTest(SuiteRunner.java:455)\n\tat org.testng.SuiteRunner.runSequentially(SuiteRunner.java:450)\n\tat org.testng.SuiteRunner.privateRun(SuiteRunner.java:415)\n\tat org.testng.SuiteRunner.run(SuiteRunner.java:364)\n\tat org.testng.SuiteRunnerWorker.runSuite(SuiteRunnerWorker.java:52)\n\tat org.testng.SuiteRunnerWorker.run(SuiteRunnerWorker.java:84)\n\tat org.testng.TestNG.runSuitesSequentially(TestNG.java:1208)\n\tat org.testng.TestNG.runSuitesLocally(TestNG.java:1137)\n\tat org.testng.TestNG.runSuites(TestNG.java:1049)\n\tat org.testng.TestNG.run(TestNG.java:1017)\n\tat org.testng.remote.AbstractRemoteTestNG.run(AbstractRemoteTestNG.java:114)\n\tat org.testng.remote.RemoteTestNG.initAndRun(RemoteTestNG.java:251)\n\tat org.testng.remote.RemoteTestNG.main(RemoteTestNG.java:77)\nCaused by: java.lang.AssertionError: expected [true] but found [false]\n\tat org.testng.Assert.fail(Assert.java:96)\n\tat org.testng.Assert.failNotEquals(Assert.java:776)\n\tat org.testng.Assert.assertTrue(Assert.java:44)\n\tat org.testng.Assert.assertTrue(Assert.java:54)\n\tat org.br.curso.steps.AccountStep.quando_estiver_na_sessao_de_edicao(AccountStep.java:38)\n\t... 39 more\n"},"stage":"finished","start":1545332157877,"stop":1545332178363,"steps":[{"name":"Verificando se está na sessão de edição.","stage":"finished","start":1545332157877,"stop":1545332157877},{"name":"Verificar se está na página de Edição.","stage":"finished","start":1545332157877,"stop":1545332158172,"attachments":[{"source":"1bcc2533-1151-4584-adbe-adb5505cbbdb-attachment.png","type":"image/png"}]}]},{"name":"Exception on scenario execution","status":"failed","stage":"finished","start":1545332178364,"stop":1545332178364}],"parameters":[{"name":"ControllerType","value":"com.br.inmetrics.frm.controllers.WebController"},{"name":"Tags","value":"@Settings"},{"name":"CustomOptions","value":""},{"name":"arg0","value":"Settings"},{"name":"arg1","value":"Mudar o nome de usuario"},{"name":"arg2","value":""}]}