{"uuid":"b26ab829-cb97-4ec0-8f0e-3c2948dff0d2","historyId":"d3b805a992cdb16aea24a6f6e9440c76","fullName":"com.br.inmetrics.frm.testng.TestClassTemplate.executeScenario","labels":[{"name":"package","value":"com.br.inmetrics.frm.testng.TestClassTemplate"},{"name":"testClass","value":"com.br.inmetrics.frm.testng.TestClassTemplate"},{"name":"testMethod","value":"executeScenario"},{"name":"parentSuite","value":"Default"},{"name":"suite","value":"Feature: Settings"},{"name":"subSuite","value":"com.br.inmetrics.frm.testng.TestClassTemplate"},{"name":"host","value":"cursovm"},{"name":"thread","value":"13375@cursovm.main(1)"}],"links":[],"name":"executeScenario","status":"failed","statusDetails":{"known":false,"muted":false,"flaky":false,"message":"Test error","trace":"java.lang.AssertionError: Test error\n\tat org.testng.Assert.fail(Assert.java:85)\n\tat com.br.inmetrics.frm.testng.TestClassTemplate.executeScenario(TestClassTemplate.java:39)\n\tat sun.reflect.NativeMethodAccessorImpl.invoke0(Native Method)\n\tat sun.reflect.NativeMethodAccessorImpl.invoke(NativeMethodAccessorImpl.java:62)\n\tat sun.reflect.DelegatingMethodAccessorImpl.invoke(DelegatingMethodAccessorImpl.java:43)\n\tat java.lang.reflect.Method.invoke(Method.java:498)\n\tat org.testng.internal.MethodInvocationHelper.invokeMethod(MethodInvocationHelper.java:124)\n\tat org.testng.internal.Invoker.invokeMethod(Invoker.java:583)\n\tat org.testng.internal.Invoker.invokeTestMethod(Invoker.java:719)\n\tat org.testng.internal.Invoker.invokeTestMethods(Invoker.java:989)\n\tat org.testng.internal.TestMethodWorker.invokeTestMethods(TestMethodWorker.java:125)\n\tat org.testng.internal.TestMethodWorker.run(TestMethodWorker.java:109)\n\tat org.testng.TestRunner.privateRun(TestRunner.java:648)\n\tat org.testng.TestRunner.run(TestRunner.java:505)\n\tat org.testng.SuiteRunner.runTest(SuiteRunner.java:455)\n\tat org.testng.SuiteRunner.runSequentially(SuiteRunner.java:450)\n\tat org.testng.SuiteRunner.privateRun(SuiteRunner.java:415)\n\tat org.testng.SuiteRunner.run(SuiteRunner.java:364)\n\tat org.testng.SuiteRunnerWorker.runSuite(SuiteRunnerWorker.java:52)\n\tat org.testng.SuiteRunnerWorker.run(SuiteRunnerWorker.java:84)\n\tat org.testng.TestNG.runSuitesSequentially(TestNG.java:1208)\n\tat org.testng.TestNG.runSuitesLocally(TestNG.java:1137)\n\tat org.testng.TestNG.runSuites(TestNG.java:1049)\n\tat org.testng.TestNG.run(TestNG.java:1017)\n\tat org.testng.remote.AbstractRemoteTestNG.run(AbstractRemoteTestNG.java:114)\n\tat org.testng.remote.RemoteTestNG.initAndRun(RemoteTestNG.java:251)\n\tat org.testng.remote.RemoteTestNG.main(RemoteTestNG.java:77)\nCaused by: java.util.concurrent.ExecutionException: java.lang.reflect.InvocationTargetException\n\tat com.br.inmetrics.frm.bdd.Gherkin.executeScenario_(Gherkin.java:266)\n\tat com.br.inmetrics.frm.testng.TestClassTemplate.executeScenario(TestClassTemplate.java:32)\n\t... 25 more\nCaused by: java.lang.reflect.InvocationTargetException\n\tat sun.reflect.NativeMethodAccessorImpl.invoke0(Native Method)\n\tat sun.reflect.NativeMethodAccessorImpl.invoke(NativeMethodAccessorImpl.java:62)\n\tat sun.reflect.DelegatingMethodAccessorImpl.invoke(DelegatingMethodAccessorImpl.java:43)\n\tat java.lang.reflect.Method.invoke(Method.java:498)\n\tat com.br.inmetrics.frm.helpers.GherkinHelper.invokeScenario(GherkinHelper.java:209)\n\tat com.br.inmetrics.frm.bdd.Gherkin.executeScenario_(Gherkin.java:256)\n\t... 26 more\nCaused by: java.util.concurrent.ExecutionException: java.lang.reflect.InvocationTargetException\n\tat com.br.inmetrics.frm.bdd.Gherkin.executeScenario_(Gherkin.java:266)\n\tat org.br.curso.features.AccountFeature.adicionar_recado(AccountFeature.java:35)\n\t... 32 more\nCaused by: java.lang.reflect.InvocationTargetException\n\tat sun.reflect.NativeMethodAccessorImpl.invoke0(Native Method)\n\tat sun.reflect.NativeMethodAccessorImpl.invoke(NativeMethodAccessorImpl.java:62)\n\tat sun.reflect.DelegatingMethodAccessorImpl.invoke(DelegatingMethodAccessorImpl.java:43)\n\tat java.lang.reflect.Method.invoke(Method.java:498)\n\tat com.br.inmetrics.frm.helpers.GherkinHelper.invokeScenario(GherkinHelper.java:209)\n\tat com.br.inmetrics.frm.bdd.Gherkin.executeScenario_(Gherkin.java:256)\n\t... 33 more\nCaused by: java.util.concurrent.ExecutionException: java.lang.reflect.InvocationTargetException\n\tat com.br.inmetrics.frm.bdd.Gherkin.execute_(Gherkin.java:178)\n\tat org.br.curso.features.LoginFeature.login_valido(LoginFeature.java:22)\n\t... 39 more\nCaused by: java.lang.reflect.InvocationTargetException\n\tat sun.reflect.NativeMethodAccessorImpl.invoke0(Native Method)\n\tat sun.reflect.NativeMethodAccessorImpl.invoke(NativeMethodAccessorImpl.java:62)\n\tat sun.reflect.DelegatingMethodAccessorImpl.invoke(DelegatingMethodAccessorImpl.java:43)\n\tat java.lang.reflect.Method.invoke(Method.java:498)\n\tat com.br.inmetrics.frm.bdd.Gherkin.executeStep_(Gherkin.java:212)\n\tat com.br.inmetrics.frm.bdd.Gherkin.execute_(Gherkin.java:172)\n\t... 40 more\nCaused by: org.openqa.selenium.ElementClickInterceptedException: Element <button class=\"btn btn-primary\" type=\"submit\"> is not clickable at point (276.5,371) because another element <iframe id=\"google_ads_iframe_/1211/br.terra.filmow.cobranded/articles_1\" name=\"google_ads_iframe_/1211/br.terra.filmow.cobranded/articles_1\"> obscures it\nBuild info: version: '3.12.0', revision: '7c6e0b3', time: '2018-05-08T14:04:26.12Z'\nSystem info: host: 'cursovm', ip: '127.0.1.1', os.name: 'Linux', os.arch: 'amd64', os.version: '4.15.0-42-generic', java.version: '1.8.0_191'\nDriver info: org.openqa.selenium.firefox.FirefoxDriver\nCapabilities {acceptInsecureCerts: false, browserName: firefox, browserVersion: 64.0, javascriptEnabled: true, moz:accessibilityChecks: false, moz:geckodriverVersion: 0.23.0, moz:headless: false, moz:processID: 13508, moz:profile: /tmp/rust_mozprofile.wpq9oR..., moz:shutdownTimeout: 60000, moz:useNonSpecCompliantPointerOrigin: false, moz:webdriverClick: true, pageLoadStrategy: normal, platform: LINUX, platformName: LINUX, platformVersion: 4.15.0-42-generic, rotatable: false, setWindowRect: true, timeouts: {implicit: 0, pageLoad: 300000, script: 30000}, unhandledPromptBehavior: dismiss and notify}\nSession ID: 6930aeef-d510-4c06-b5d2-7cddfe2042ae\n\tat sun.reflect.NativeConstructorAccessorImpl.newInstance0(Native Method)\n\tat sun.reflect.NativeConstructorAccessorImpl.newInstance(NativeConstructorAccessorImpl.java:62)\n\tat sun.reflect.DelegatingConstructorAccessorImpl.newInstance(DelegatingConstructorAccessorImpl.java:45)\n\tat java.lang.reflect.Constructor.newInstance(Constructor.java:423)\n\tat org.openqa.selenium.remote.http.W3CHttpResponseCodec.createException(W3CHttpResponseCodec.java:187)\n\tat org.openqa.selenium.remote.http.W3CHttpResponseCodec.decode(W3CHttpResponseCodec.java:122)\n\tat org.openqa.selenium.remote.http.W3CHttpResponseCodec.decode(W3CHttpResponseCodec.java:49)\n\tat org.openqa.selenium.remote.HttpCommandExecutor.execute(HttpCommandExecutor.java:158)\n\tat org.openqa.selenium.remote.service.DriverCommandExecutor.execute(DriverCommandExecutor.java:83)\n\tat org.openqa.selenium.remote.RemoteWebDriver.execute(RemoteWebDriver.java:543)\n\tat org.openqa.selenium.remote.RemoteWebElement.execute(RemoteWebElement.java:276)\n\tat org.openqa.selenium.remote.RemoteWebElement.click(RemoteWebElement.java:83)\n\tat com.br.inmetrics.frm.base.VirtualElement.click(VirtualElement.java:139)\n\tat org.br.curso.pages.LoginPage.preencherDados(LoginPage.java:33)\n\tat org.br.curso.steps.LoginStep.quando_preencher_o_login_com_dados_validos(LoginStep.java:36)\n\t... 46 more\n"},"stage":"finished","start":1545339180686,"stop":1545339213177,"steps":[{"name":"Dado que estou na pagina de login","status":"passed","stage":"finished","start":1545339209576,"stop":1545339210277,"steps":[{"name":"Verificar se estou na página de Login.","stage":"finished","start":1545339209630,"stop":1545339209632},{"name":"Verificação da Existencia da Página de Login","stage":"finished","start":1545339209635,"stop":1545339209636}]},{"name":"Quando preencher o login com dados válidos","status":"broken","statusDetails":{"known":false,"muted":false,"flaky":false,"message":"java.lang.reflect.InvocationTargetException","trace":"java.lang.reflect.InvocationTargetException\n\tat sun.reflect.NativeMethodAccessorImpl.invoke0(Native Method)\n\tat sun.reflect.NativeMethodAccessorImpl.invoke(NativeMethodAccessorImpl.java:62)\n\tat sun.reflect.DelegatingMethodAccessorImpl.invoke(DelegatingMethodAccessorImpl.java:43)\n\tat java.lang.reflect.Method.invoke(Method.java:498)\n\tat com.br.inmetrics.frm.bdd.Gherkin.executeStep_(Gherkin.java:212)\n\tat com.br.inmetrics.frm.bdd.Gherkin.execute_(Gherkin.java:172)\n\tat org.br.curso.features.LoginFeature.login_valido(LoginFeature.java:22)\n\tat sun.reflect.NativeMethodAccessorImpl.invoke0(Native Method)\n\tat sun.reflect.NativeMethodAccessorImpl.invoke(NativeMethodAccessorImpl.java:62)\n\tat sun.reflect.DelegatingMethodAccessorImpl.invoke(DelegatingMethodAccessorImpl.java:43)\n\tat java.lang.reflect.Method.invoke(Method.java:498)\n\tat com.br.inmetrics.frm.helpers.GherkinHelper.invokeScenario(GherkinHelper.java:209)\n\tat com.br.inmetrics.frm.bdd.Gherkin.executeScenario_(Gherkin.java:256)\n\tat org.br.curso.features.AccountFeature.adicionar_recado(AccountFeature.java:35)\n\tat sun.reflect.NativeMethodAccessorImpl.invoke0(Native Method)\n\tat sun.reflect.NativeMethodAccessorImpl.invoke(NativeMethodAccessorImpl.java:62)\n\tat sun.reflect.DelegatingMethodAccessorImpl.invoke(DelegatingMethodAccessorImpl.java:43)\n\tat java.lang.reflect.Method.invoke(Method.java:498)\n\tat com.br.inmetrics.frm.helpers.GherkinHelper.invokeScenario(GherkinHelper.java:209)\n\tat com.br.inmetrics.frm.bdd.Gherkin.executeScenario_(Gherkin.java:256)\n\tat com.br.inmetrics.frm.testng.TestClassTemplate.executeScenario(TestClassTemplate.java:32)\n\tat sun.reflect.NativeMethodAccessorImpl.invoke0(Native Method)\n\tat sun.reflect.NativeMethodAccessorImpl.invoke(NativeMethodAccessorImpl.java:62)\n\tat sun.reflect.DelegatingMethodAccessorImpl.invoke(DelegatingMethodAccessorImpl.java:43)\n\tat java.lang.reflect.Method.invoke(Method.java:498)\n\tat org.testng.internal.MethodInvocationHelper.invokeMethod(MethodInvocationHelper.java:124)\n\tat org.testng.internal.Invoker.invokeMethod(Invoker.java:583)\n\tat org.testng.internal.Invoker.invokeTestMethod(Invoker.java:719)\n\tat org.testng.internal.Invoker.invokeTestMethods(Invoker.java:989)\n\tat org.testng.internal.TestMethodWorker.invokeTestMethods(TestMethodWorker.java:125)\n\tat org.testng.internal.TestMethodWorker.run(TestMethodWorker.java:109)\n\tat org.testng.TestRunner.privateRun(TestRunner.java:648)\n\tat org.testng.TestRunner.run(TestRunner.java:505)\n\tat org.testng.SuiteRunner.runTest(SuiteRunner.java:455)\n\tat org.testng.SuiteRunner.runSequentially(SuiteRunner.java:450)\n\tat org.testng.SuiteRunner.privateRun(SuiteRunner.java:415)\n\tat org.testng.SuiteRunner.run(SuiteRunner.java:364)\n\tat org.testng.SuiteRunnerWorker.runSuite(SuiteRunnerWorker.java:52)\n\tat org.testng.SuiteRunnerWorker.run(SuiteRunnerWorker.java:84)\n\tat org.testng.TestNG.runSuitesSequentially(TestNG.java:1208)\n\tat org.testng.TestNG.runSuitesLocally(TestNG.java:1137)\n\tat org.testng.TestNG.runSuites(TestNG.java:1049)\n\tat org.testng.TestNG.run(TestNG.java:1017)\n\tat org.testng.remote.AbstractRemoteTestNG.run(AbstractRemoteTestNG.java:114)\n\tat org.testng.remote.RemoteTestNG.initAndRun(RemoteTestNG.java:251)\n\tat org.testng.remote.RemoteTestNG.main(RemoteTestNG.java:77)\nCaused by: org.openqa.selenium.ElementClickInterceptedException: Element <button class=\"btn btn-primary\" type=\"submit\"> is not clickable at point (276.5,371) because another element <iframe id=\"google_ads_iframe_/1211/br.terra.filmow.cobranded/articles_1\" name=\"google_ads_iframe_/1211/br.terra.filmow.cobranded/articles_1\"> obscures it\nBuild info: version: '3.12.0', revision: '7c6e0b3', time: '2018-05-08T14:04:26.12Z'\nSystem info: host: 'cursovm', ip: '127.0.1.1', os.name: 'Linux', os.arch: 'amd64', os.version: '4.15.0-42-generic', java.version: '1.8.0_191'\nDriver info: org.openqa.selenium.firefox.FirefoxDriver\nCapabilities {acceptInsecureCerts: false, browserName: firefox, browserVersion: 64.0, javascriptEnabled: true, moz:accessibilityChecks: false, moz:geckodriverVersion: 0.23.0, moz:headless: false, moz:processID: 13508, moz:profile: /tmp/rust_mozprofile.wpq9oR..., moz:shutdownTimeout: 60000, moz:useNonSpecCompliantPointerOrigin: false, moz:webdriverClick: true, pageLoadStrategy: normal, platform: LINUX, platformName: LINUX, platformVersion: 4.15.0-42-generic, rotatable: false, setWindowRect: true, timeouts: {implicit: 0, pageLoad: 300000, script: 30000}, unhandledPromptBehavior: dismiss and notify}\nSession ID: 6930aeef-d510-4c06-b5d2-7cddfe2042ae\n\tat sun.reflect.NativeConstructorAccessorImpl.newInstance0(Native Method)\n\tat sun.reflect.NativeConstructorAccessorImpl.newInstance(NativeConstructorAccessorImpl.java:62)\n\tat sun.reflect.DelegatingConstructorAccessorImpl.newInstance(DelegatingConstructorAccessorImpl.java:45)\n\tat java.lang.reflect.Constructor.newInstance(Constructor.java:423)\n\tat org.openqa.selenium.remote.http.W3CHttpResponseCodec.createException(W3CHttpResponseCodec.java:187)\n\tat org.openqa.selenium.remote.http.W3CHttpResponseCodec.decode(W3CHttpResponseCodec.java:122)\n\tat org.openqa.selenium.remote.http.W3CHttpResponseCodec.decode(W3CHttpResponseCodec.java:49)\n\tat org.openqa.selenium.remote.HttpCommandExecutor.execute(HttpCommandExecutor.java:158)\n\tat org.openqa.selenium.remote.service.DriverCommandExecutor.execute(DriverCommandExecutor.java:83)\n\tat org.openqa.selenium.remote.RemoteWebDriver.execute(RemoteWebDriver.java:543)\n\tat org.openqa.selenium.remote.RemoteWebElement.execute(RemoteWebElement.java:276)\n\tat org.openqa.selenium.remote.RemoteWebElement.click(RemoteWebElement.java:83)\n\tat com.br.inmetrics.frm.base.VirtualElement.click(VirtualElement.java:139)\n\tat org.br.curso.pages.LoginPage.preencherDados(LoginPage.java:33)\n\tat org.br.curso.steps.LoginStep.quando_preencher_o_login_com_dados_validos(LoginStep.java:36)\n\t... 46 more\n"},"stage":"finished","start":1545339210277,"stop":1545339211409,"steps":[{"name":"Ínicio do preenchimento das informações de login.","stage":"finished","start":1545339210277,"stop":1545339210277},{"name":"Preenchimento de Informações ->  Email: (testedesistema2018@hotmail.com), senha : (estoutestando)","stage":"finished","start":1545339210983,"stop":1545339210983}]},{"name":"Exception on scenario execution","status":"failed","stage":"finished","start":1545339211409,"stop":1545339211409},{"name":"Exception on scenario execution","status":"failed","stage":"finished","start":1545339211432,"stop":1545339211433}],"parameters":[{"name":"ControllerType","value":"com.br.inmetrics.frm.controllers.WebController"},{"name":"Tags","value":"@Recado"},{"name":"CustomOptions","value":""},{"name":"arg0","value":"Settings"},{"name":"arg1","value":"Deixar Recado"},{"name":"arg2","value":""}]}