{"uuid":"e2c5e802-e018-477a-9e11-c18fc2b15407","historyId":"c6e3e94c4f742c6f4a372d5910215364","fullName":"com.br.inmetrics.frm.testng.TestClassTemplate.executeScenario","labels":[{"name":"package","value":"com.br.inmetrics.frm.testng.TestClassTemplate"},{"name":"testClass","value":"com.br.inmetrics.frm.testng.TestClassTemplate"},{"name":"testMethod","value":"executeScenario"},{"name":"parentSuite","value":"Default"},{"name":"suite","value":"Feature: Settings"},{"name":"subSuite","value":"com.br.inmetrics.frm.testng.TestClassTemplate"},{"name":"host","value":"cursovm"},{"name":"thread","value":"17653@cursovm.main(1)"}],"links":[],"name":"executeScenario","status":"failed","statusDetails":{"known":false,"muted":false,"flaky":false,"message":"Error on test setup.","trace":"java.lang.AssertionError: Error on test setup.\n\tat org.testng.Assert.fail(Assert.java:85)\n\tat com.br.inmetrics.frm.testng.CustomListener.beforeInvocation(CustomListener.java:25)\n\tat org.testng.internal.invokers.InvokedMethodListenerInvoker$InvokeBeforeInvocationWithoutContextStrategy.callMethod(InvokedMethodListenerInvoker.java:84)\n\tat org.testng.internal.invokers.InvokedMethodListenerInvoker.invokeListener(InvokedMethodListenerInvoker.java:62)\n\tat org.testng.internal.Invoker.runInvokedMethodListeners(Invoker.java:493)\n\tat org.testng.internal.Invoker.invokeMethod(Invoker.java:563)\n\tat org.testng.internal.Invoker.invokeTestMethod(Invoker.java:719)\n\tat org.testng.internal.Invoker.invokeTestMethods(Invoker.java:989)\n\tat org.testng.internal.TestMethodWorker.invokeTestMethods(TestMethodWorker.java:125)\n\tat org.testng.internal.TestMethodWorker.run(TestMethodWorker.java:109)\n\tat org.testng.TestRunner.privateRun(TestRunner.java:648)\n\tat org.testng.TestRunner.run(TestRunner.java:505)\n\tat org.testng.SuiteRunner.runTest(SuiteRunner.java:455)\n\tat org.testng.SuiteRunner.runSequentially(SuiteRunner.java:450)\n\tat org.testng.SuiteRunner.privateRun(SuiteRunner.java:415)\n\tat org.testng.SuiteRunner.run(SuiteRunner.java:364)\n\tat org.testng.SuiteRunnerWorker.runSuite(SuiteRunnerWorker.java:52)\n\tat org.testng.SuiteRunnerWorker.run(SuiteRunnerWorker.java:84)\n\tat org.testng.TestNG.runSuitesSequentially(TestNG.java:1208)\n\tat org.testng.TestNG.runSuitesLocally(TestNG.java:1137)\n\tat org.testng.TestNG.runSuites(TestNG.java:1049)\n\tat org.testng.TestNG.run(TestNG.java:1017)\n\tat org.testng.remote.AbstractRemoteTestNG.run(AbstractRemoteTestNG.java:114)\n\tat org.testng.remote.RemoteTestNG.initAndRun(RemoteTestNG.java:251)\n\tat org.testng.remote.RemoteTestNG.main(RemoteTestNG.java:77)\nCaused by: com.br.inmetrics.frm.exceptions.GherkinDuplicateStepException: Duplicated step [Dado que esteja na Home Page] was found.\n\tat com.br.inmetrics.frm.helpers.GherkinHelper.getSteps(GherkinHelper.java:155)\n\tat com.br.inmetrics.frm.bdd.Gherkin.<init>(Gherkin.java:72)\n\tat com.br.inmetrics.frm.bdd.Gherkin.createOrInstance(Gherkin.java:94)\n\tat com.br.inmetrics.frm.base.DefaultBaseController.initializeController(DefaultBaseController.java:72)\n\tat com.br.inmetrics.frm.testng.CustomListenerHelper.doBeforeInvocation(CustomListenerHelper.java:321)\n\tat com.br.inmetrics.frm.testng.CustomListener.beforeInvocation(CustomListener.java:22)\n\t... 23 more\n"},"stage":"finished","start":1545336003166,"stop":1545336003527,"parameters":[{"name":"ControllerType","value":"com.br.inmetrics.frm.controllers.WebController"},{"name":"Tags","value":"@Edit"},{"name":"CustomOptions","value":""},{"name":"arg0","value":"Settings"},{"name":"arg1","value":"Mudar o nome de usuario"},{"name":"arg2","value":""}]}