{"uuid":"f5ca32b8-fe31-4a95-becc-0f0bdf431672","historyId":"c6e3e94c4f742c6f4a372d5910215364","fullName":"com.br.inmetrics.frm.testng.TestClassTemplate.executeScenario","labels":[{"name":"package","value":"com.br.inmetrics.frm.testng.TestClassTemplate"},{"name":"testClass","value":"com.br.inmetrics.frm.testng.TestClassTemplate"},{"name":"testMethod","value":"executeScenario"},{"name":"parentSuite","value":"Default"},{"name":"suite","value":"Feature: Settings"},{"name":"subSuite","value":"com.br.inmetrics.frm.testng.TestClassTemplate"},{"name":"host","value":"cursovm"},{"name":"thread","value":"5210@cursovm.main(1)"}],"links":[],"name":"executeScenario","status":"failed","statusDetails":{"known":false,"muted":false,"flaky":false,"message":"Test error","trace":"java.lang.AssertionError: Test error\n\tat org.testng.Assert.fail(Assert.java:85)\n\tat com.br.inmetrics.frm.testng.TestClassTemplate.executeScenario(TestClassTemplate.java:39)\n\tat sun.reflect.NativeMethodAccessorImpl.invoke0(Native Method)\n\tat sun.reflect.NativeMethodAccessorImpl.invoke(NativeMethodAccessorImpl.java:62)\n\tat sun.reflect.DelegatingMethodAccessorImpl.invoke(DelegatingMethodAccessorImpl.java:43)\n\tat java.lang.reflect.Method.invoke(Method.java:498)\n\tat org.testng.internal.MethodInvocationHelper.invokeMethod(MethodInvocationHelper.java:124)\n\tat org.testng.internal.Invoker.invokeMethod(Invoker.java:583)\n\tat org.testng.internal.Invoker.invokeTestMethod(Invoker.java:719)\n\tat org.testng.internal.Invoker.invokeTestMethods(Invoker.java:989)\n\tat org.testng.internal.TestMethodWorker.invokeTestMethods(TestMethodWorker.java:125)\n\tat org.testng.internal.TestMethodWorker.run(TestMethodWorker.java:109)\n\tat org.testng.TestRunner.privateRun(TestRunner.java:648)\n\tat org.testng.TestRunner.run(TestRunner.java:505)\n\tat org.testng.SuiteRunner.runTest(SuiteRunner.java:455)\n\tat org.testng.SuiteRunner.runSequentially(SuiteRunner.java:450)\n\tat org.testng.SuiteRunner.privateRun(SuiteRunner.java:415)\n\tat org.testng.SuiteRunner.run(SuiteRunner.java:364)\n\tat org.testng.SuiteRunnerWorker.runSuite(SuiteRunnerWorker.java:52)\n\tat org.testng.SuiteRunnerWorker.run(SuiteRunnerWorker.java:84)\n\tat org.testng.TestNG.runSuitesSequentially(TestNG.java:1208)\n\tat org.testng.TestNG.runSuitesLocally(TestNG.java:1137)\n\tat org.testng.TestNG.runSuites(TestNG.java:1049)\n\tat org.testng.TestNG.run(TestNG.java:1017)\n\tat org.testng.remote.AbstractRemoteTestNG.run(AbstractRemoteTestNG.java:114)\n\tat org.testng.remote.RemoteTestNG.initAndRun(RemoteTestNG.java:251)\n\tat org.testng.remote.RemoteTestNG.main(RemoteTestNG.java:77)\nCaused by: java.util.concurrent.ExecutionException: java.lang.reflect.InvocationTargetException\n\tat com.br.inmetrics.frm.bdd.Gherkin.executeScenario_(Gherkin.java:266)\n\tat com.br.inmetrics.frm.testng.TestClassTemplate.executeScenario(TestClassTemplate.java:32)\n\t... 25 more\nCaused by: java.lang.reflect.InvocationTargetException\n\tat sun.reflect.NativeMethodAccessorImpl.invoke0(Native Method)\n\tat sun.reflect.NativeMethodAccessorImpl.invoke(NativeMethodAccessorImpl.java:62)\n\tat sun.reflect.DelegatingMethodAccessorImpl.invoke(DelegatingMethodAccessorImpl.java:43)\n\tat java.lang.reflect.Method.invoke(Method.java:498)\n\tat com.br.inmetrics.frm.helpers.GherkinHelper.invokeScenario(GherkinHelper.java:209)\n\tat com.br.inmetrics.frm.bdd.Gherkin.executeScenario_(Gherkin.java:256)\n\t... 26 more\nCaused by: java.util.concurrent.ExecutionException: java.lang.reflect.InvocationTargetException\n\tat com.br.inmetrics.frm.bdd.Gherkin.execute_(Gherkin.java:178)\n\tat org.br.curso.features.AccountFeature.editar_conta(AccountFeature.java:28)\n\t... 32 more\nCaused by: java.lang.reflect.InvocationTargetException\n\tat sun.reflect.NativeMethodAccessorImpl.invoke0(Native Method)\n\tat sun.reflect.NativeMethodAccessorImpl.invoke(NativeMethodAccessorImpl.java:62)\n\tat sun.reflect.DelegatingMethodAccessorImpl.invoke(DelegatingMethodAccessorImpl.java:43)\n\tat java.lang.reflect.Method.invoke(Method.java:498)\n\tat com.br.inmetrics.frm.bdd.Gherkin.executeStep_(Gherkin.java:212)\n\tat com.br.inmetrics.frm.bdd.Gherkin.execute_(Gherkin.java:172)\n\t... 33 more\nCaused by: java.lang.AssertionError: expected [true] but found [false]\n\tat org.testng.Assert.fail(Assert.java:96)\n\tat org.testng.Assert.failNotEquals(Assert.java:776)\n\tat org.testng.Assert.assertTrue(Assert.java:44)\n\tat org.testng.Assert.assertTrue(Assert.java:54)\n\tat org.br.curso.steps.AccountStep.quando_estiver_na_sessao_de_edicao(AccountStep.java:38)\n\t... 39 more\n"},"stage":"finished","start":1545332511973,"stop":1545332757313,"steps":[{"name":"Dado que estou na pagina de login","status":"passed","stage":"finished","start":1545332632422,"stop":1545332633022,"steps":[{"name":"Verificar se estou na página de Login.","stage":"finished","start":1545332632496,"stop":1545332632497},{"name":"Verificação da Existencia da Página de Login","stage":"finished","start":1545332632510,"stop":1545332632909,"attachments":[{"source":"b19f22f7-73db-4eec-b4d5-ffe6d3eebae5-attachment.png","type":"image/png"}]}]},{"name":"Quando preencher o login com dados válidos","status":"passed","stage":"finished","start":1545332633022,"stop":1545332734754,"steps":[{"name":"Ínicio do preenchimento das informações de login.","stage":"finished","start":1545332633023,"stop":1545332633023},{"name":"Preenchimento de Informações ->  Email: (testedesistema2018@hotmail.com), senha : (estoutestando)","stage":"finished","start":1545332633443,"stop":1545332633715,"attachments":[{"source":"4426d419-619a-4d97-ac2a-9ec391da087a-attachment.png","type":"image/png"}]},{"name":"Preenchimento de Informações de Login Concluido.","stage":"finished","start":1545332734754,"stop":1545332734754}]},{"name":"Então deverá ir para a home page","status":"passed","stage":"finished","start":1545332734754,"stop":1545332735177,"steps":[{"name":"Verificar se estou na Página Home.","stage":"finished","start":1545332734754,"stop":1545332734754},{"name":"Verificar se está na página HomePage.","stage":"finished","start":1545332734754,"stop":1545332735158,"attachments":[{"source":"40b65c47-83a2-48b6-ac50-50257cc210d1-attachment.png","type":"image/png"}]}]},{"name":"Dado que esteja na Home Page","status":"passed","stage":"finished","start":1545332735177,"stop":1545332735731,"steps":[{"name":"Verificar se estou na página Home.","stage":"finished","start":1545332735179,"stop":1545332735179},{"name":"Verificar se está na página HomePage.","stage":"finished","start":1545332735179,"stop":1545332735718,"attachments":[{"source":"5db584e0-9d4f-4da6-84e4-79ff3848fdbc-attachment.png","type":"image/png"}]}]},{"name":"Quando estiver na sessão de edição","status":"broken","statusDetails":{"known":false,"muted":false,"flaky":false,"message":"java.lang.reflect.InvocationTargetException","trace":"java.lang.reflect.InvocationTargetException\n\tat sun.reflect.NativeMethodAccessorImpl.invoke0(Native Method)\n\tat sun.reflect.NativeMethodAccessorImpl.invoke(NativeMethodAccessorImpl.java:62)\n\tat sun.reflect.DelegatingMethodAccessorImpl.invoke(DelegatingMethodAccessorImpl.java:43)\n\tat java.lang.reflect.Method.invoke(Method.java:498)\n\tat com.br.inmetrics.frm.bdd.Gherkin.executeStep_(Gherkin.java:212)\n\tat com.br.inmetrics.frm.bdd.Gherkin.execute_(Gherkin.java:172)\n\tat org.br.curso.features.AccountFeature.editar_conta(AccountFeature.java:28)\n\tat sun.reflect.NativeMethodAccessorImpl.invoke0(Native Method)\n\tat sun.reflect.NativeMethodAccessorImpl.invoke(NativeMethodAccessorImpl.java:62)\n\tat sun.reflect.DelegatingMethodAccessorImpl.invoke(DelegatingMethodAccessorImpl.java:43)\n\tat java.lang.reflect.Method.invoke(Method.java:498)\n\tat com.br.inmetrics.frm.helpers.GherkinHelper.invokeScenario(GherkinHelper.java:209)\n\tat com.br.inmetrics.frm.bdd.Gherkin.executeScenario_(Gherkin.java:256)\n\tat com.br.inmetrics.frm.testng.TestClassTemplate.executeScenario(TestClassTemplate.java:32)\n\tat sun.reflect.NativeMethodAccessorImpl.invoke0(Native Method)\n\tat sun.reflect.NativeMethodAccessorImpl.invoke(NativeMethodAccessorImpl.java:62)\n\tat sun.reflect.DelegatingMethodAccessorImpl.invoke(DelegatingMethodAccessorImpl.java:43)\n\tat java.lang.reflect.Method.invoke(Method.java:498)\n\tat org.testng.internal.MethodInvocationHelper.invokeMethod(MethodInvocationHelper.java:124)\n\tat org.testng.internal.Invoker.invokeMethod(Invoker.java:583)\n\tat org.testng.internal.Invoker.invokeTestMethod(Invoker.java:719)\n\tat org.testng.internal.Invoker.invokeTestMethods(Invoker.java:989)\n\tat org.testng.internal.TestMethodWorker.invokeTestMethods(TestMethodWorker.java:125)\n\tat org.testng.internal.TestMethodWorker.run(TestMethodWorker.java:109)\n\tat org.testng.TestRunner.privateRun(TestRunner.java:648)\n\tat org.testng.TestRunner.run(TestRunner.java:505)\n\tat org.testng.SuiteRunner.runTest(SuiteRunner.java:455)\n\tat org.testng.SuiteRunner.runSequentially(SuiteRunner.java:450)\n\tat org.testng.SuiteRunner.privateRun(SuiteRunner.java:415)\n\tat org.testng.SuiteRunner.run(SuiteRunner.java:364)\n\tat org.testng.SuiteRunnerWorker.runSuite(SuiteRunnerWorker.java:52)\n\tat org.testng.SuiteRunnerWorker.run(SuiteRunnerWorker.java:84)\n\tat org.testng.TestNG.runSuitesSequentially(TestNG.java:1208)\n\tat org.testng.TestNG.runSuitesLocally(TestNG.java:1137)\n\tat org.testng.TestNG.runSuites(TestNG.java:1049)\n\tat org.testng.TestNG.run(TestNG.java:1017)\n\tat org.testng.remote.AbstractRemoteTestNG.run(AbstractRemoteTestNG.java:114)\n\tat org.testng.remote.RemoteTestNG.initAndRun(RemoteTestNG.java:251)\n\tat org.testng.remote.RemoteTestNG.main(RemoteTestNG.java:77)\nCaused by: java.lang.AssertionError: expected [true] but found [false]\n\tat org.testng.Assert.fail(Assert.java:96)\n\tat org.testng.Assert.failNotEquals(Assert.java:776)\n\tat org.testng.Assert.assertTrue(Assert.java:44)\n\tat org.testng.Assert.assertTrue(Assert.java:54)\n\tat org.br.curso.steps.AccountStep.quando_estiver_na_sessao_de_edicao(AccountStep.java:38)\n\t... 39 more\n"},"stage":"finished","start":1545332735731,"stop":1545332756126,"steps":[{"name":"Verificando se está na sessão de edição.","stage":"finished","start":1545332735731,"stop":1545332735732},{"name":"Verificar se está na página de Edição.","stage":"finished","start":1545332735732,"stop":1545332736076,"attachments":[{"source":"21d9b558-5f9f-4c00-8d54-72312c209b8d-attachment.png","type":"image/png"}]}]},{"name":"Exception on scenario execution","status":"failed","stage":"finished","start":1545332756126,"stop":1545332756127}],"parameters":[{"name":"ControllerType","value":"com.br.inmetrics.frm.controllers.WebController"},{"name":"Tags","value":"@Edit"},{"name":"CustomOptions","value":""},{"name":"arg0","value":"Settings"},{"name":"arg1","value":"Mudar o nome de usuario"},{"name":"arg2","value":""}]}